e:\driver\protectedprocess\protectedprocess\x64\release\protectedprocess.pch
e:\driver\protectedprocess\protectedprocess\x64\release\vc141.pdb
e:\driver\protectedprocess\protectedprocess\x64\release\stdafx.obj
e:\driver\protectedprocess\protectedprocess\x64\release\protectedprocessdlg.obj
e:\driver\protectedprocess\protectedprocess\x64\release\protectedprocess.obj
e:\driver\protectedprocess\x64\release\protectedprocess.exe
e:\driver\protectedprocess\x64\release\protectedprocess.pdb
e:\driver\protectedprocess\x64\release\protectedprocess.ipdb
e:\driver\protectedprocess\x64\release\protectedprocess.iobj
e:\driver\protectedprocess\protectedprocess\x64\release\vcpkg.applocal.log
e:\driver\protectedprocess\protectedprocess\x64\release\protectedprocess.res
e:\driver\protectedprocess\protectedprocess\x64\release\protectedprocess.tlog\cl.command.1.tlog
e:\driver\protectedprocess\protectedprocess\x64\release\protectedprocess.tlog\cl.read.1.tlog
e:\driver\protectedprocess\protectedprocess\x64\release\protectedprocess.tlog\cl.write.1.tlog
e:\driver\protectedprocess\protectedprocess\x64\release\protectedprocess.tlog\link.command.1.tlog
e:\driver\protectedprocess\protectedprocess\x64\release\protectedprocess.tlog\link.read.1.tlog
e:\driver\protectedprocess\protectedprocess\x64\release\protectedprocess.tlog\link.write.1.tlog
e:\driver\protectedprocess\protectedprocess\x64\release\protectedprocess.tlog\protectedprocess.write.1u.tlog
e:\driver\protectedprocess\protectedprocess\x64\release\protectedprocess.tlog\rc.command.1.tlog
e:\driver\protectedprocess\protectedprocess\x64\release\protectedprocess.tlog\rc.read.1.tlog
e:\driver\protectedprocess\protectedprocess\x64\release\protectedprocess.tlog\rc.write.1.tlog
